#
# There is insufficient memory for the Java Runtime Environment to continue.
# Native memory allocation (malloc) failed to allocate 1048576 bytes for AllocateHeap
# Possible reasons:
#   The system is out of physical RAM or swap space
#   The process is running with CompressedOops enabled, and the Java Heap may be blocking the growth of the native heap
# Possible solutions:
#   Reduce memory load on the system
#   Increase physical memory or swap space
#   Check if swap backing store is full
#   Decrease Java heap size (-Xmx/-Xms)
#   Decrease number of Java threads
#   Decrease Java thread stack sizes (-Xss)
#   Set larger code cache with -XX:ReservedCodeCacheSize=
#   JVM is running with Unscaled Compressed Oops mode in which the Java heap is
#     placed in the first 4GB address space. The Java Heap base address is the
#     maximum limit for the native heap growth. Please use -XX:HeapBaseMinAddress
#     to set the Java Heap base and to place the Java Heap above 4GB virtual address.
# This output file may be truncated or incomplete.
#
#  Out of Memory Error (memory/allocation.inline.hpp:61), pid=15296, tid=0x0000000000000f80
#
# JRE version:  (8.0_241-b07) (build )
# Java VM: Java HotSpot(TM) 64-Bit Server VM (25.241-b07 mixed mode windows-amd64 compressed oops)
# Failed to write core dump. Minidumps are not enabled by default on client versions of Windows
#

---------------  T H R E A D  ---------------

Current thread (0x0000000003526000):  JavaThread "Unknown thread" [_thread_in_vm, id=3968, stack(0x0000000003200000,0x0000000003300000)]

Stack: [0x0000000003200000,0x0000000003300000]
[error occurred during error reporting (printing stack bounds), id 0xc0000005]

Native frames: (J=compiled Java code, j=interpreted, Vv=VM code, C=native code)


---------------  P R O C E S S  ---------------

Java Threads: ( => current thread )

Other Threads:

=>0x0000000003526000 (exited) JavaThread "Unknown thread" [_thread_in_vm, id=3968, stack(0x0000000003200000,0x0000000003300000)]

VM state:not at safepoint (normal execution)

VM Mutex/Monitor currently owned by a thread: None

heap address: 0x0000000081000000, size: 2032 MB, Compressed Oops mode: 32-bit
Narrow klass base: 0x0000000000000000, Narrow klass shift: 3
Compressed class space size: 1073741824 Address: 0x0000000100000000

Heap:
 PSYoungGen      total 38400K, used 665K [0x00000000d5b00000, 0x00000000d8580000, 0x0000000100000000)
  eden space 33280K, 2% used [0x00000000d5b00000,0x00000000d5ba6670,0x00000000d7b80000)
  from space 5120K, 0% used [0x00000000d8080000,0x00000000d8080000,0x00000000d8580000)
  to   space 5120K, 0% used [0x00000000d7b80000,0x00000000d7b80000,0x00000000d8080000)
 ParOldGen       total 87552K, used 0K [0x0000000081000000, 0x0000000086580000, 0x00000000d5b00000)
  object space 87552K, 0% used [0x0000000081000000,0x0000000081000000,0x0000000086580000)
 Metaspace       used 776K, capacity 4480K, committed 4480K, reserved 1056768K
  class space    used 76K, capacity 384K, committed 384K, reserved 1048576K

Card table byte_map: [0x00000000129e0000,0x0000000012de0000] byte_map_base: 0x00000000125d8000

Marking Bits: (ParMarkBitMap*) 0x0000000052e7be30
 Begin Bits: [0x0000000013490000, 0x0000000015450000)
 End Bits:   [0x0000000015450000, 0x0000000017410000)

Polling page: 0x0000000001120000

CodeCache: size=245760Kb used=328Kb max_used=328Kb free=245431Kb
 bounds [0x0000000003620000, 0x0000000003890000, 0x0000000012620000]
 total_blobs=58 nmethods=0 adapters=38
 compilation: enabled

Compilation events (0 events):
No events

GC Heap History (0 events):
No events

Deoptimization events (0 events):
No events

Classes redefined (0 events):
No events

Internal exceptions (0 events):
No events

Events (10 events):
Event: 0.023 loading class java/lang/Short
Event: 0.023 loading class java/lang/Short done
Event: 0.023 loading class java/lang/Integer
Event: 0.023 loading class java/lang/Integer done
Event: 0.023 loading class java/lang/Long
Event: 0.023 loading class java/lang/Long done
Event: 0.024 loading class java/lang/NullPointerException
Event: 0.024 loading class java/lang/NullPointerException done
Event: 0.024 loading class java/lang/ArithmeticException
Event: 0.024 loading class java/lang/ArithmeticException done


Dynamic libraries:
0x00007ff617180000 - 0x00007ff6171b7000 	C:\Program Files\Java\jdk1.8.0_241\bin\java.exe
0x00007ffa6cc70000 - 0x00007ffa6ce5d000 	C:\Windows\SYSTEM32\ntdll.dll
0x00007ffa6c6a0000 - 0x00007ffa6c753000 	C:\Windows\System32\KERNEL32.DLL
0x00007ffa698d0000 - 0x00007ffa69b63000 	C:\Windows\System32\KERNELBASE.dll
0x00007ffa6c300000 - 0x00007ffa6c3a3000 	C:\Windows\System32\ADVAPI32.dll
0x00007ffa6c550000 - 0x00007ffa6c5ee000 	C:\Windows\System32\msvcrt.dll
0x00007ffa69f70000 - 0x00007ffa6a00e000 	C:\Windows\System32\sechost.dll
0x00007ffa6ac70000 - 0x00007ffa6ad92000 	C:\Windows\System32\RPCRT4.dll
0x00007ffa6c3b0000 - 0x00007ffa6c547000 	C:\Windows\System32\USER32.dll
0x00007ffa69010000 - 0x00007ffa69030000 	C:\Windows\System32\win32u.dll
0x00007ffa6aa30000 - 0x00007ffa6aa59000 	C:\Windows\System32\GDI32.dll
0x00007ffa68e70000 - 0x00007ffa6900a000 	C:\Windows\System32\gdi32full.dll
0x00007ffa69bd0000 - 0x00007ffa69c70000 	C:\Windows\System32\msvcp_win.dll
0x00007ffa697d0000 - 0x00007ffa698ca000 	C:\Windows\System32\ucrtbase.dll
0x00007ffa5cae0000 - 0x00007ffa5cd59000 	C:\Windows\WinSxS\amd64_microsoft.windows.common-controls_6595b64144ccf1df_6.0.17763.504_none_05b33f3e07210e05\COMCTL32.dll
0x00007ffa6a460000 - 0x00007ffa6a78c000 	C:\Windows\System32\combase.dll
0x00007ffa68df0000 - 0x00007ffa68e6e000 	C:\Windows\System32\bcryptPrimitives.dll
0x00007ffa6aa00000 - 0x00007ffa6aa2e000 	C:\Windows\System32\IMM32.DLL
0x0000000053600000 - 0x00000000536d2000 	C:\Program Files\Java\jdk1.8.0_241\jre\bin\msvcr100.dll
0x0000000052650000 - 0x0000000052efc000 	C:\Program Files\Java\jdk1.8.0_241\jre\bin\server\jvm.dll
0x00007ffa6c2f0000 - 0x00007ffa6c2f8000 	C:\Windows\System32\PSAPI.DLL
0x00007ffa65a60000 - 0x00007ffa65a84000 	C:\Windows\SYSTEM32\WINMM.dll
0x00007ffa52780000 - 0x00007ffa52789000 	C:\Windows\SYSTEM32\WSOCK32.dll
0x00007ffa6a990000 - 0x00007ffa6a9fd000 	C:\Windows\System32\WS2_32.dll
0x00007ffa65a30000 - 0x00007ffa65a5d000 	C:\Windows\SYSTEM32\WINMMBASE.dll
0x00007ffa69c70000 - 0x00007ffa69cba000 	C:\Windows\System32\cfgmgr32.dll
0x00007ffa64730000 - 0x00007ffa6473a000 	C:\Windows\SYSTEM32\VERSION.dll
0x00007ffa65870000 - 0x00007ffa6587f000 	C:\Program Files\Java\jdk1.8.0_241\jre\bin\verify.dll
0x00007ffa65840000 - 0x00007ffa65869000 	C:\Program Files\Java\jdk1.8.0_241\jre\bin\java.dll
0x00007ffa65750000 - 0x00007ffa65773000 	C:\Program Files\Java\jdk1.8.0_241\jre\bin\instrument.dll
0x00007ffa65820000 - 0x00007ffa65836000 	C:\Program Files\Java\jdk1.8.0_241\jre\bin\zip.dll

VM Arguments:
jvm_args: -javaagent:D:\program files\JetBrains\IntelliJ IDEA 2020.2.1\lib\idea_rt.jar=56160:D:\program files\JetBrains\IntelliJ IDEA 2020.2.1\bin -Dfile.encoding=UTF-8 
java_command: com.yang.helloworld.HelloWorldApplicationTests
java_class_path (initial): C:\Program Files\Java\jdk1.8.0_241\jre\lib\charsets.jar;C:\Program Files\Java\jdk1.8.0_241\jre\lib\deploy.jar;C:\Program Files\Java\jdk1.8.0_241\jre\lib\ext\access-bridge-64.jar;C:\Program Files\Java\jdk1.8.0_241\jre\lib\ext\cldrdata.jar;C:\Program Files\Java\jdk1.8.0_241\jre\lib\ext\dnsns.jar;C:\Program Files\Java\jdk1.8.0_241\jre\lib\ext\jaccess.jar;C:\Program Files\Java\jdk1.8.0_241\jre\lib\ext\jfxrt.jar;C:\Program Files\Java\jdk1.8.0_241\jre\lib\ext\localedata.jar;C:\Program Files\Java\jdk1.8.0_241\jre\lib\ext\nashorn.jar;C:\Program Files\Java\jdk1.8.0_241\jre\lib\ext\sunec.jar;C:\Program Files\Java\jdk1.8.0_241\jre\lib\ext\sunjce_provider.jar;C:\Program Files\Java\jdk1.8.0_241\jre\lib\ext\sunmscapi.jar;C:\Program Files\Java\jdk1.8.0_241\jre\lib\ext\sunpkcs11.jar;C:\Program Files\Java\jdk1.8.0_241\jre\lib\ext\zipfs.jar;C:\Program Files\Java\jdk1.8.0_241\jre\lib\javaws.jar;C:\Program Files\Java\jdk1.8.0_241\jre\lib\jce.jar;C:\Program Files\Java\jdk1.8.0_241\jre\lib\jfr.jar;C:\Program Files\Java\jdk1.8.0_241\jre\lib\jfxswt.jar;C:\Program Files\Java\jdk1.8.0_241\jre\lib\jsse.jar;C:\Program Files\Java\jdk1.8.0_241\jre\lib\management-agent.jar;C:\Program Files\Java\jdk1.8.0_241\jre\lib\plugin.jar;C:\Program Files\Java\jdk1.8.0_241\jre\lib\resources.jar;C:\Program Files\Java\jdk1.8.0_241\jre\lib\rt.jar;D:\SpringCloud\hello-world\target\test-classes;D:\SpringCloud\hello-world\target\classes;D:\depository\org\springframework\boot\spring-boot-starter-web\2.3.4.RELEASE\spring-boot-starter-web-2.3.4.RELEASE.jar;D:\depository\org\springframework\boot\spring-boot-starter\2.3.4.RELEASE\spring-boot-starter-2.3.4.RELEASE.jar;D:\depository\org\springframework\boot\spring-boot\2.3.4.RELEASE\spring-boot-2.3.4.RELEASE.jar;D:\depository\org\springframework\boot\spring-boot-autoconfigure\2.3.4.RELEASE\spring-boot-autoconfigure-2.3.4.RELEASE.jar;D:\depository\org\springframework\boot\spring-boot-starter-logging\2.3.4.RELEASE\spring-boot-starter-logging-2.3
Launcher Type: SUN_STANDARD

Environment Variables:
JAVA_HOME=C:\Program Files\Java\jdk1.8.0_241
CLASSPATH=.;C:\Program Files\Java\jdk1.8.0_241\lib\dt.jar;C:\Program Files\Java\jdk1.8.0_241\lib\tools.jar
PATH=C:\Program Files (x86)\Common Files\Oracle\Java\javapath;C:\Program Files\Java\jdk1.8.0_241\bin;C:\Program Files\Java\jdk1.8.0_241\jre\bin;c:\windows\system32;C:\Program Files\TortoiseSVN\bin;C:\Program Files\Redis\;C:\Program Files\nodejs\;C:\Program Files\Git\cmd;C:\Program Files\MySQL\MySQL Shell 8.0\bin\;C:\Users\Administrator\AppData\Local\Microsoft\WindowsApps;C:\Users\Administrator\AppData\Local\BypassRuntm;D:\Users\Administrator\AppData\Local\Programs\Microsoft VS Code\bin;C:\Program Files\nodejs\node_global;C:\Users\Administrator\AppData\Roaming\npm;D:\Program Files\JetBrains\IntelliJ IDEA 2019.3.4\bin;;C:\Program Files\Bandizip\
USERNAME=Administrator
OS=Windows_NT
PROCESSOR_IDENTIFIER=Intel64 Family 6 Model 158 Stepping 10, GenuineIntel



---------------  S Y S T E M  ---------------

OS: Windows 10.0 , 64 bit Build 17763 (10.0.17763.475)

CPU:total 4 (initial active 4) (4 cores per cpu, 1 threads per core) family 6 model 158 stepping 10, cmov, cx8, fxsr, mmx, sse, sse2, sse3, ssse3, sse4.1, sse4.2, popcnt, avx, avx2, aes, clmul, erms, 3dnowpref, lzcnt, tsc, tscinvbit, bmi1, bmi2, adx

Memory: 4k page, physical 8320968k(889196k free), swap 16185540k(5432k free)

vm_info: Java HotSpot(TM) 64-Bit Server VM (25.241-b07) for windows-amd64 JRE (1.8.0_241-b07), built on Dec 11 2019 10:21:40 by "rejava" with MS VC++ 10.0 (VS2010)

time: Wed Oct 28 16:48:55 2020
timezone: 中国标准时间
elapsed time: 0 seconds (0d 0h 0m 0s)

